  main.cpp
C:\Users\Славик\source\repos\Project3\Project3\main.cpp(60,32): warning C4244: =: преобразование "double" в "float", возможна потеря данных
C:\Users\Славик\source\repos\Project3\Project3\main.cpp(66,24): warning C4244: =: преобразование "int" в "T", возможна потеря данных
          with
          [
              T=float
          ]
C:\Users\Славик\source\repos\Project3\Project3\main.cpp(70,1): warning C4244: +=: преобразование "double" в "float", возможна потеря данных
C:\Users\Славик\source\repos\Project3\Project3\main.cpp(82,20): warning C4244: инициализация: преобразование "T" в "int", возможна потеря данных
          with
          [
              T=float
          ]
C:\Users\Славик\source\repos\Project3\Project3\main.cpp(83,24): warning C4244: инициализация: преобразование "T" в "int", возможна потеря данных
          with
          [
              T=float
          ]
C:\Users\Славик\source\repos\Project3\Project3\main.cpp(88,69): warning C4244: =: преобразование "int" в "T", возможна потеря данных
          with
          [
              T=float
          ]
C:\Users\Славик\source\repos\Project3\Project3\main.cpp(90,70): warning C4244: =: преобразование "int" в "T", возможна потеря данных
          with
          [
              T=float
          ]
C:\Users\Славик\source\repos\Project3\Project3\main.cpp(116,20): warning C4244: инициализация: преобразование "sf::Int64" в "float", возможна потеря данных
C:\Users\Славик\source\repos\Project3\Project3\main.cpp(132,46): warning C4244: =: преобразование "float" в "int", возможна потеря данных
C:\Users\Славик\source\repos\Project3\Project3\main.cpp(133,44): warning C4244: =: преобразование "float" в "int", возможна потеря данных
C:\Users\Славик\source\repos\Project3\Project3\main.cpp(138,43): warning C4244: =: преобразование "float" в "int", возможна потеря данных
C:\Users\Славик\source\repos\Project3\Project3\main.cpp(139,43): warning C4244: =: преобразование "float" в "int", возможна потеря данных
C:\Users\Славик\source\repos\Project3\Project3\main.cpp(145,25): warning C4305: =: усечение из "double" в "float"
C:\Users\Славик\source\repos\Project3\Project3\main.cpp(149,26): warning C4305: =: усечение из "double" в "float"
C:\Users\Славик\source\repos\Project3\Project3\main.cpp(153,26): warning C4305: =: усечение из "double" в "float"
  Project3.vcxproj -> C:\Users\Славик\source\repos\Project3\Debug\Project3.exe
